2024-02-29 21:16:01: I am log job!!!
2024-02-29 21:16:01: Running Jobs...
2024-02-29 21:16:01: Running log_job.sh
2024-02-29 21:16:01: Job Runner Completed Successfully
2024-02-29 21:16:01: Shutting Down via shutdown.sh
2024-02-29 22:06:01: I am log job!!!
2024-02-29 22:06:01: Running Jobs...
2024-02-29 22:06:01: Running log_job.sh
2024-02-29 22:06:01: Job Runner Completed Successfully
2024-02-29 22:06:01: Shutting Down via shutdown.sh
2024-02-29 23:12:53: Running Jobs...
2024-02-29 23:12:53: Running log_job.sh
2024-02-29 23:12:53: Job Runner Completed Successfully
2024-02-29 23:12:53: Shutting Down via shutdown.sh
2024-02-29 23:13:04: Running Jobs...
2024-02-29 23:13:04: Running log_job.sh
2024-02-29 23:13:04: Job Runner Completed Successfully
2024-02-29 23:13:04: Shutting Down via shutdown.sh
2024-02-29 23:14:32: Running Jobs...
2024-02-29 23:14:32: Running log_job.sh
2024-02-29 23:14:32: Job Runner Completed Successfully
2024-02-29 23:14:32: Shutting Down via shutdown.sh
2024-02-29 23:16:54: Running Jobs...
2024-02-29 23:16:54: Running log_job.sh
2024-02-29 23:16:54: Job Runner Completed Successfully
2024-02-29 23:16:54: Shutting Down via shutdown.sh
2024-02-29 23:24:33: Running Jobs...
2024-02-29 23:24:33: Running log_job.sh
2024-02-29 23:24:33: Job Runner Completed Successfully
2024-02-29 23:24:33: Shutting Down via shutdown.sh
2024-02-29 23:47:33: Running Jobs...
2024-02-29 23:47:33: Running log_job.sh
2024-02-29 23:47:33: Pinging Git...
2024-02-29 23:50:46: Running Jobs...
2024-02-29 23:50:46: Running log_job.sh
2024-02-29 23:50:46: Pinging Git...
